<?xml version="1.0" encoding="UTF-8"?>
<!-- Generated by org.testng.reporters.JUnitReportReporter -->
<testsuite hostname="naveenautomationlabss-MacBook-Pro.local" failures="0" tests="1" name="com.qa.api.tests.CreateUserPostCallTest" time="0.576" errors="0" timestamp="2023-04-18T20:50:33 IST" skipped="0">
  <testcase classname="com.qa.api.tests.CreateUserPostCallTest" name="createUserTest" time="0.576"/>
</testsuite> <!-- com.qa.api.tests.CreateUserPostCallTest -->
