<?xml version="1.0" encoding="UTF-8"?>
<!-- Generated by org.testng.reporters.JUnitReportReporter -->
<testsuite hostname="naveenautomationlabss-MacBook-Pro.local" failures="0" tests="1" name="com.qa.api.tests.APIResponseHeadersTest" time="0.291" errors="0" timestamp="2023-04-18T20:50:33 IST" skipped="0">
  <testcase classname="com.qa.api.tests.APIResponseHeadersTest" name="getHeadersTest" time="0.291"/>
</testsuite> <!-- com.qa.api.tests.APIResponseHeadersTest -->
